<?xml version="1.0" encoding="UTF-8"?>
<testng-results ignored="0" total="2" passed="2" failed="0" skipped="0">
  <reporter-output>
  </reporter-output>
  <suite started-at="2022-09-22T13:36:51 MSK" name="Surefire suite" finished-at="2022-09-22T13:36:52 MSK" duration-ms="633">
    <groups>
    </groups>
    <test started-at="2022-09-22T13:36:51 MSK" name="Surefire test" finished-at="2022-09-22T13:36:52 MSK" duration-ms="633">
      <class name="FirstTest">
        <test-method is-config="true" signature="beforeTest()[pri:0, instance:FirstTest@267bbe1a]" started-at="2022-09-22T13:36:51 MSK" name="beforeTest" finished-at="2022-09-22T13:36:51 MSK" duration-ms="52" status="PASS">
          <reporter-output>
          </reporter-output>
        </test-method> <!-- beforeTest -->
        <test-method signature="checkAnybody()[pri:0, instance:FirstTest@267bbe1a]" started-at="2022-09-22T13:36:51 MSK" name="checkAnybody" description="Проверить что-то" finished-at="2022-09-22T13:36:51 MSK" duration-ms="94" status="PASS">
          <reporter-output>
          </reporter-output>
        </test-method> <!-- checkAnybody -->
        <test-method signature="checkSome()[pri:0, instance:FirstTest@267bbe1a]" started-at="2022-09-22T13:36:52 MSK" name="checkSome" finished-at="2022-09-22T13:36:52 MSK" duration-ms="3" status="PASS">
          <reporter-output>
          </reporter-output>
        </test-method> <!-- checkSome -->
        <test-method is-config="true" signature="afterTest()[pri:0, instance:FirstTest@267bbe1a]" started-at="2022-09-22T13:36:52 MSK" name="afterTest" finished-at="2022-09-22T13:36:52 MSK" duration-ms="4" status="PASS">
          <reporter-output>
          </reporter-output>
        </test-method> <!-- afterTest -->
      </class> <!-- FirstTest -->
    </test> <!-- Surefire test -->
  </suite> <!-- Surefire suite -->
</testng-results>
